Using pre-set license
Built from '2020.3/staging' branch; Version is '2020.3.3f1 (76626098c1c4) revision 7758432'; Using compiler version '192528614'; Build Type 'Release'
OS: 'Windows 10 Home; OS build 19042.1052; Version 2009; 64bit' Language: 'en' Physical Memory: 16145 MB
BatchMode: 1, IsHumanControllingUs: 0, StartBugReporterOnCrash: 0, Is64bit: 1, IsPro: 0

 COMMAND LINE ARGUMENTS:
C:\Program Files\Unity\Hub\Editor\2020.3.3f1\Editor\Unity.exe
-adb2
-batchMode
-noUpm
-name
AssetImportWorker0
-projectPath
C:/Unity/GMTK 2021/GMTK 2021 Project (1)
-logFile
Logs/AssetImportWorker0.log
-srvPort
53123
Successfully changed project path to: C:/Unity/GMTK 2021/GMTK 2021 Project (1)
C:/Unity/GMTK 2021/GMTK 2021 Project (1)
Using Asset Import Pipeline V2.
Refreshing native plugins compatible for Editor in 50.69 ms, found 4 plugins.
Preloading 0 native plugins for Editor in 0.00 ms.
Initialize engine version: 2020.3.3f1 (76626098c1c4)
[Subsystems] Discovering subsystems at path C:/Program Files/Unity/Hub/Editor/2020.3.3f1/Editor/Data/Resources/UnitySubsystems
[Subsystems] Discovering subsystems at path C:/Unity/GMTK 2021/GMTK 2021 Project (1)/Assets
GfxDevice: creating device client; threaded=0
Direct3D:
    Version:  Direct3D 11.0 [level 11.1]
    Renderer: NVIDIA GeForce RTX 2060 (ID=0x1f15)
    Vendor:   
    VRAM:     5980 MB
    Driver:   27.21.14.6677
Shader 'Universal Render Pipeline/Particles/Lit': fallback shader 'Universal Render Pipeline/Particles/SimpleLit' not found
Initialize mono
Mono path[0] = 'C:/Program Files/Unity/Hub/Editor/2020.3.3f1/Editor/Data/Managed'
Mono path[1] = 'C:/Program Files/Unity/Hub/Editor/2020.3.3f1/Editor/Data/MonoBleedingEdge/lib/mono/unityjit'
Mono config path = 'C:/Program Files/Unity/Hub/Editor/2020.3.3f1/Editor/Data/MonoBleedingEdge/etc'
Using monoOptions --debugger-agent=transport=dt_socket,embedding=1,server=y,suspend=n,address=127.0.0.1:56924
Begin MonoManager ReloadAssembly
Registering precompiled unity dll's ...
Register platform support module: C:/Program Files/Unity/Hub/Editor/2020.3.3f1/Editor/Data/PlaybackEngines/WindowsStandaloneSupport/UnityEditor.WindowsStandalone.Extensions.dll
Registered in 0.001590 seconds.
Native extension for WindowsStandalone target not found
Refreshing native plugins compatible for Editor in 46.27 ms, found 4 plugins.
Preloading 0 native plugins for Editor in 0.00 ms.
Invoked RoslynAnalysisRunner static constructor.
RoslynAnalysisRunner will not be running.
RoslynAnalysisRunner has terminated.
Mono: successfully reloaded assembly
- Completed reload, in  1.670 seconds
Platform modules already initialized, skipping
Registering precompiled user dll's ...
Registered in 0.008301 seconds.
Begin MonoManager ReloadAssembly
Native extension for WindowsStandalone target not found
Refreshing native plugins compatible for Editor in 50.00 ms, found 4 plugins.
Preloading 0 native plugins for Editor in 0.00 ms.
Invoked RoslynAnalysisRunner static constructor.
RoslynAnalysisRunner will not be running.
RoslynAnalysisRunner has terminated.
Mono: successfully reloaded assembly
- Completed reload, in  1.125 seconds
Platform modules already initialized, skipping
========================================================================
Worker process is ready to serve import requests
Shader 'Universal Render Pipeline/Particles/Lit': fallback shader 'Universal Render Pipeline/Particles/SimpleLit' not found
Launched and connected shader compiler UnityShaderCompiler.exe after 0.03 seconds
Refreshing native plugins compatible for Editor in 1.56 ms, found 4 plugins.
Preloading 0 native plugins for Editor in 0.00 ms.
Unloading 2819 Unused Serialized files (Serialized files now loaded: 0)
System memory in use before: 127.1 MB.
System memory in use after: 127.3 MB.

Unloading 36 unused Assets to reduce memory usage. Loaded Objects now: 3276.
Total: 3.334400 ms (FindLiveObjects: 0.570000 ms CreateObjectMapping: 0.357600 ms MarkObjects: 2.322000 ms  DeleteObjects: 0.083400 ms)

========================================================================
Received Import Request.
  path: Assets/_Scenes
  artifactKey: Guid(a7c150652efd8e7448b9382e322bf2a3) Importer(815301076,1909f56bfc062723c751e8b465ee728b)
Start importing Assets/_Scenes using Guid(a7c150652efd8e7448b9382e322bf2a3) Importer(815301076,1909f56bfc062723c751e8b465ee728b)  -> (artifact id: '401d11dbb67034e0e91dcd1287d01b01') in 0.009286 seconds
  Import took 0.013963 seconds .

========================================================================
Received Import Request.
  Time since last request: 0.000232 seconds.
  path: Assets/Settings.asset
  artifactKey: Guid(a9fb5f421e532504786b582aa3105e3d) Importer(815301076,1909f56bfc062723c751e8b465ee728b)
Start importing Assets/Settings.asset using Guid(a9fb5f421e532504786b582aa3105e3d) Importer(815301076,1909f56bfc062723c751e8b465ee728b)  -> (artifact id: '982e6cc643e3b08da0ae9169347bb271') in 0.033026 seconds
  Import took 0.036806 seconds .

========================================================================
Received Import Request.
  Time since last request: 0.718518 seconds.
  path: Assets/_Scenes/Intro Scene.unity
  artifactKey: Guid(d1c3109bdb54ad54c8a2b2838528e640) Importer(815301076,1909f56bfc062723c751e8b465ee728b)
Start importing Assets/_Scenes/Intro Scene.unity using Guid(d1c3109bdb54ad54c8a2b2838528e640) Importer(815301076,1909f56bfc062723c751e8b465ee728b)  -> (artifact id: '0c0717223665e94edae44c77e68a8000') in 0.008123 seconds
  Import took 0.012977 seconds .

========================================================================
Received Import Request.
  Time since last request: 3.262824 seconds.
  path: Assets/_Scenes/Level 1.unity
  artifactKey: Guid(a42796158e8060a409a9855f6814e958) Importer(815301076,1909f56bfc062723c751e8b465ee728b)
Start importing Assets/_Scenes/Level 1.unity using Guid(a42796158e8060a409a9855f6814e958) Importer(815301076,1909f56bfc062723c751e8b465ee728b)  -> (artifact id: '487a3979b8c24c80f2a4ab714e243edf') in 0.007157 seconds
  Import took 0.011194 seconds .

========================================================================
Received Import Request.
  Time since last request: 0.003778 seconds.
  path: Assets/_Scenes/Level 1.unity
  artifactKey: Guid(a42796158e8060a409a9855f6814e958) Importer(815301076,1909f56bfc062723c751e8b465ee728b)
Start importing Assets/_Scenes/Level 1.unity using Guid(a42796158e8060a409a9855f6814e958) Importer(815301076,1909f56bfc062723c751e8b465ee728b)  -> (artifact id: '487a3979b8c24c80f2a4ab714e243edf') in 0.002430 seconds
  Import took 0.007345 seconds .

========================================================================
Received Prepare
Registering precompiled user dll's ...
Registered in 0.007364 seconds.
Begin MonoManager ReloadAssembly
Native extension for WindowsStandalone target not found
Refreshing native plugins compatible for Editor in 0.56 ms, found 4 plugins.
Preloading 0 native plugins for Editor in 0.00 ms.
Invoked RoslynAnalysisRunner static constructor.
RoslynAnalysisRunner will not be running.
RoslynAnalysisRunner has terminated.
Mono: successfully reloaded assembly
- Completed reload, in  0.981 seconds
Platform modules already initialized, skipping
Shader 'Universal Render Pipeline/Particles/Lit': fallback shader 'Universal Render Pipeline/Particles/SimpleLit' not found
Refreshing native plugins compatible for Editor in 0.57 ms, found 4 plugins.
Preloading 0 native plugins for Editor in 0.00 ms.
Unloading 2696 Unused Serialized files (Serialized files now loaded: 0)
System memory in use before: 118.8 MB.
System memory in use after: 119.0 MB.

Unloading 31 unused Assets to reduce memory usage. Loaded Objects now: 3279.
Total: 2.524100 ms (FindLiveObjects: 0.344800 ms CreateObjectMapping: 0.130500 ms MarkObjects: 2.006000 ms  DeleteObjects: 0.042100 ms)

========================================================================
Received Prepare
Registering precompiled user dll's ...
Registered in 0.007826 seconds.
Begin MonoManager ReloadAssembly
Native extension for WindowsStandalone target not found
Refreshing native plugins compatible for Editor in 0.69 ms, found 4 plugins.
Preloading 0 native plugins for Editor in 0.00 ms.
Invoked RoslynAnalysisRunner static constructor.
RoslynAnalysisRunner will not be running.
RoslynAnalysisRunner has terminated.
Mono: successfully reloaded assembly
- Completed reload, in  0.988 seconds
Platform modules already initialized, skipping
Shader 'Universal Render Pipeline/Particles/Lit': fallback shader 'Universal Render Pipeline/Particles/SimpleLit' not found
Refreshing native plugins compatible for Editor in 0.63 ms, found 4 plugins.
Preloading 0 native plugins for Editor in 0.00 ms.
Unloading 2696 Unused Serialized files (Serialized files now loaded: 0)
System memory in use before: 118.8 MB.
System memory in use after: 119.1 MB.

Unloading 31 unused Assets to reduce memory usage. Loaded Objects now: 3282.
Total: 2.701700 ms (FindLiveObjects: 0.300200 ms CreateObjectMapping: 0.149100 ms MarkObjects: 2.221200 ms  DeleteObjects: 0.030100 ms)

========================================================================
Received Prepare
Shader 'Universal Render Pipeline/Particles/Lit': fallback shader 'Universal Render Pipeline/Particles/SimpleLit' not found
Refreshing native plugins compatible for Editor in 5.72 ms, found 4 plugins.
Preloading 0 native plugins for Editor in 0.00 ms.
Unloading 29 Unused Serialized files (Serialized files now loaded: 0)
System memory in use before: 66.2 MB.
System memory in use after: 66.4 MB.

Unloading 29 unused Assets to reduce memory usage. Loaded Objects now: 3282.
Total: 3.187200 ms (FindLiveObjects: 0.437300 ms CreateObjectMapping: 0.251100 ms MarkObjects: 2.472900 ms  DeleteObjects: 0.025100 ms)

AssetImportWorkerClient::OnTransportError - code=2 error=End of file
